[06/16/2024 12:19:54] - [Information] -[Main] - Found 45 temp files to be cleaned up from the DESKTOP-RHTQQJV
[06/16/2024 12:20:56] - [Information] -[Main] - Successfully cleaned up C:\Windows\Temp\DPTF from DESKTOP-RHTQQJV
[06/16/2024 12:21:16] - [Information] -[Main] - Successfully cleaned up C:\Windows\Temp\IIF8AEC.tmp from DESKTOP-RHTQQJV
[06/16/2024 12:21:17] - [Information] -[Main] - Successfully cleaned up C:\Windows\Temp\vmware-SYSTEM from DESKTOP-RHTQQJV
[06/16/2024 12:21:18] - [Information] -[Main] - Successfully cleaned up C:\Windows\Temp\Wondershare from DESKTOP-RHTQQJV
[06/16/2024 12:21:19] - [Information] -[Main] - Successfully cleaned up C:\Windows\Temp\DESKTOP-RHTQQJV-20240612-1132.log from DESKTOP-RHTQQJV
[06/16/2024 12:21:20] - [Information] -[Main] - Successfully cleaned up C:\Windows\Temp\mat-debug-4416.log from DESKTOP-RHTQQJV
[06/16/2024 12:21:21] - [Information] -[Main] - Successfully cleaned up C:\Windows\Temp\officeclicktorun.exe_c2ruidll(20240612113245F94).log from DESKTOP-RHTQQJV
[06/16/2024 12:21:21] - [Information] -[Main] - Successfully cleaned up C:\Windows\Temp\officeclicktorun.exe_streamserver(20240612113246F94).log from DESKTOP-RHTQQJV
[06/16/2024 12:21:22] - [Information] -[Main] - Successfully cleaned up C:\windows\SoftwareDistribution\Download\DPINST.LOG from DESKTOP-RHTQQJV
[06/16/2024 12:21:22] - [Information] -[Main] - Successfully cleaned up C:\windows\SoftwareDistribution\Download\DtcInstall.log from DESKTOP-RHTQQJV
[06/16/2024 12:21:23] - [Information] -[Main] - Successfully cleaned up C:\windows\SoftwareDistribution\Download\EvtMessage.dll from DESKTOP-RHTQQJV
[06/16/2024 12:21:23] - [Information] -[Main] - Successfully cleaned up C:\windows\SoftwareDistribution\Download\explorer.exe from DESKTOP-RHTQQJV
[06/16/2024 12:21:24] - [Information] -[Main] - Successfully cleaned up C:\windows\SoftwareDistribution\Download\FSM Automation Flow.whiteboard from DESKTOP-RHTQQJV
[06/16/2024 12:21:24] - [Information] -[Main] - Successfully cleaned up C:\windows\SoftwareDistribution\Download\HelpPane.exe from DESKTOP-RHTQQJV
[06/16/2024 12:21:25] - [Information] -[Main] - Successfully cleaned up C:\windows\SoftwareDistribution\Download\hh.exe from DESKTOP-RHTQQJV
[06/16/2024 12:21:25] - [Information] -[Main] - Successfully cleaned up C:\windows\SoftwareDistribution\Download\invcol.tmp from DESKTOP-RHTQQJV
[06/16/2024 12:21:26] - [Information] -[Main] - Successfully cleaned up C:\windows\SoftwareDistribution\Download\lsasetup.log from DESKTOP-RHTQQJV
[06/16/2024 12:21:26] - [Information] -[Main] - Successfully cleaned up C:\windows\SoftwareDistribution\Download\mib.bin from DESKTOP-RHTQQJV
[06/16/2024 12:21:27] - [Information] -[Main] - Successfully cleaned up C:\windows\SoftwareDistribution\Download\notepad.exe from DESKTOP-RHTQQJV
[06/16/2024 12:21:27] - [Information] -[Main] - Successfully cleaned up C:\windows\SoftwareDistribution\Download\PFRO.log from DESKTOP-RHTQQJV
[06/16/2024 12:21:28] - [Information] -[Main] - Successfully cleaned up C:\windows\SoftwareDistribution\Download\Professional.xml from DESKTOP-RHTQQJV
[06/16/2024 12:21:28] - [Information] -[Main] - Successfully cleaned up C:\windows\SoftwareDistribution\Download\ProfessionalSingleLanguage.xml from DESKTOP-RHTQQJV
[06/16/2024 12:21:29] - [Information] -[Main] - Successfully cleaned up C:\windows\SoftwareDistribution\Download\regedit.exe from DESKTOP-RHTQQJV
[06/16/2024 12:21:30] - [Information] -[Main] - Successfully cleaned up C:\windows\SoftwareDistribution\Download\RtlExUpd.dll from DESKTOP-RHTQQJV
[06/16/2024 12:21:30] - [Information] -[Main] - Successfully cleaned up C:\windows\SoftwareDistribution\Download\setupact.log from DESKTOP-RHTQQJV
[06/16/2024 12:21:30] - [Information] -[Main] - Successfully cleaned up C:\windows\SoftwareDistribution\Download\setuperr.log from DESKTOP-RHTQQJV
[06/16/2024 12:21:30] - [Information] -[Main] - Successfully cleaned up C:\windows\SoftwareDistribution\Download\ShareGate Automation.whiteboard from DESKTOP-RHTQQJV
[06/16/2024 12:21:30] - [Information] -[Main] - Successfully cleaned up C:\windows\SoftwareDistribution\Download\splwow64.exe from DESKTOP-RHTQQJV
[06/16/2024 12:21:30] - [Information] -[Main] - Successfully cleaned up C:\windows\SoftwareDistribution\Download\system.ini from DESKTOP-RHTQQJV
[06/16/2024 12:21:30] - [Information] -[Main] - Successfully cleaned up C:\windows\SoftwareDistribution\Download\TTO Architecture.whiteboard from DESKTOP-RHTQQJV
[06/16/2024 12:21:30] - [Information] -[Main] - Successfully cleaned up C:\windows\SoftwareDistribution\Download\twain_32.dll from DESKTOP-RHTQQJV
[06/16/2024 12:21:30] - [Information] -[Main] - Successfully cleaned up C:\windows\SoftwareDistribution\Download\Whiteboard 1.whiteboard from DESKTOP-RHTQQJV
[06/16/2024 12:21:30] - [Information] -[Main] - Successfully cleaned up C:\windows\SoftwareDistribution\Download\Whiteboard 2.whiteboard from DESKTOP-RHTQQJV
[06/16/2024 12:21:30] - [Information] -[Main] - Successfully cleaned up C:\windows\SoftwareDistribution\Download\Whiteboard 3.whiteboard from DESKTOP-RHTQQJV
[06/16/2024 12:21:30] - [Information] -[Main] - Successfully cleaned up C:\windows\SoftwareDistribution\Download\Whiteboard 4.whiteboard from DESKTOP-RHTQQJV
[06/16/2024 12:21:30] - [Information] -[Main] - Successfully cleaned up C:\windows\SoftwareDistribution\Download\Whiteboard 5.whiteboard from DESKTOP-RHTQQJV
[06/16/2024 12:21:30] - [Information] -[Main] - Successfully cleaned up C:\windows\SoftwareDistribution\Download\Whiteboard 6.whiteboard from DESKTOP-RHTQQJV
[06/16/2024 12:21:30] - [Information] -[Main] - Successfully cleaned up C:\windows\SoftwareDistribution\Download\Whiteboard 7.whiteboard from DESKTOP-RHTQQJV
[06/16/2024 12:21:30] - [Information] -[Main] - Successfully cleaned up C:\windows\SoftwareDistribution\Download\Whiteboard 8.whiteboard from DESKTOP-RHTQQJV
[06/16/2024 12:21:30] - [Information] -[Main] - Successfully cleaned up C:\windows\SoftwareDistribution\Download\Whiteboard.whiteboard from DESKTOP-RHTQQJV
[06/16/2024 12:21:30] - [Information] -[Main] - Successfully cleaned up C:\windows\SoftwareDistribution\Download\win.ini from DESKTOP-RHTQQJV
[06/16/2024 12:21:30] - [Information] -[Main] - Successfully cleaned up C:\windows\SoftwareDistribution\Download\WindowsUpdate.log from DESKTOP-RHTQQJV
[06/16/2024 12:21:30] - [Information] -[Main] - Successfully cleaned up C:\windows\SoftwareDistribution\Download\winhlp32.exe from DESKTOP-RHTQQJV
[06/16/2024 12:21:30] - [Information] -[Main] - Successfully cleaned up C:\windows\SoftwareDistribution\Download\WMSysPr9.prx from DESKTOP-RHTQQJV
[06/16/2024 12:21:30] - [Information] -[Main] - Successfully cleaned up C:\windows\SoftwareDistribution\Download\write.exe from DESKTOP-RHTQQJV
[06/16/2024 12:29:38] - [Information] -[Main] - Found 0 temp files to be cleaned up from the DESKTOP-RHTQQJV
[06/16/2024 12:29:40] - [Information] -[Main] - Found 0 temp files to be cleaned up from the DESKTOP-RHTQQJV
[06/16/2024 12:30:00] - [Information] -[Main] - Found 8 temp files to be cleaned up from the DESKTOP-RHTQQJV
[06/16/2024 12:30:00] - [Information] -[Main] - Successfully cleaned up C:\Windows\Temp\DPTF from DESKTOP-RHTQQJV
[06/16/2024 12:30:00] - [Information] -[Main] - Successfully cleaned up C:\Windows\Temp\IIF8AEC.tmp from DESKTOP-RHTQQJV
[06/16/2024 12:30:00] - [Information] -[Main] - Successfully cleaned up C:\Windows\Temp\vmware-SYSTEM from DESKTOP-RHTQQJV
[06/16/2024 12:30:00] - [Information] -[Main] - Successfully cleaned up C:\Windows\Temp\Wondershare from DESKTOP-RHTQQJV
[06/16/2024 12:30:00] - [Information] -[Main] - Successfully cleaned up C:\Windows\Temp\DESKTOP-RHTQQJV-20240612-1132.log from DESKTOP-RHTQQJV
[06/16/2024 12:30:00] - [Information] -[Main] - Successfully cleaned up C:\Windows\Temp\mat-debug-4416.log from DESKTOP-RHTQQJV
[06/16/2024 12:30:00] - [Information] -[Main] - Successfully cleaned up C:\Windows\Temp\officeclicktorun.exe_c2ruidll(20240612113245F94).log from DESKTOP-RHTQQJV
[06/16/2024 12:30:00] - [Information] -[Main] - Successfully cleaned up C:\Windows\Temp\officeclicktorun.exe_streamserver(20240612113246F94).log from DESKTOP-RHTQQJV
[06/16/2024 12:33:08] - [Information] -[Main] - Found 0 temp files to be cleaned up from the DESKTOP-RHTQQJV
[06/16/2024 12:33:08] - [Error] -[Main] - Could not find any temp files for cleanup operation on DESKTOP-RHTQQJV, hence terminating script
[06/16/2024 12:33:13] - [Information] -[Main] - Found 8 temp files to be cleaned up from the DESKTOP-RHTQQJV
[06/16/2024 12:33:13] - [Information] -[Main] - Successfully cleaned up C:\Windows\Temp\DPTF from DESKTOP-RHTQQJV
[06/16/2024 12:33:13] - [Information] -[Main] - Successfully cleaned up C:\Windows\Temp\IIF8AEC.tmp from DESKTOP-RHTQQJV
[06/16/2024 12:33:13] - [Information] -[Main] - Successfully cleaned up C:\Windows\Temp\vmware-SYSTEM from DESKTOP-RHTQQJV
[06/16/2024 12:33:13] - [Information] -[Main] - Successfully cleaned up C:\Windows\Temp\Wondershare from DESKTOP-RHTQQJV
[06/16/2024 12:33:13] - [Information] -[Main] - Successfully cleaned up C:\Windows\Temp\DESKTOP-RHTQQJV-20240612-1132.log from DESKTOP-RHTQQJV
[06/16/2024 12:33:13] - [Information] -[Main] - Successfully cleaned up C:\Windows\Temp\mat-debug-4416.log from DESKTOP-RHTQQJV
[06/16/2024 12:33:14] - [Information] -[Main] - Successfully cleaned up C:\Windows\Temp\officeclicktorun.exe_c2ruidll(20240612113245F94).log from DESKTOP-RHTQQJV
[06/16/2024 12:33:14] - [Information] -[Main] - Successfully cleaned up C:\Windows\Temp\officeclicktorun.exe_streamserver(20240612113246F94).log from DESKTOP-RHTQQJV
[06/16/2024 12:33:38] - [Information] -[Main] - Found 8 temp files to be cleaned up from the DESKTOP-RHTQQJV
[06/16/2024 12:33:38] - [Information] -[Main] - Successfully cleaned up C:\Windows\Temp\DPTF from DESKTOP-RHTQQJV
[06/16/2024 12:33:38] - [Information] -[Main] - Successfully cleaned up C:\Windows\Temp\IIF8AEC.tmp from DESKTOP-RHTQQJV
[06/16/2024 12:33:38] - [Information] -[Main] - Successfully cleaned up C:\Windows\Temp\vmware-SYSTEM from DESKTOP-RHTQQJV
[06/16/2024 12:33:38] - [Information] -[Main] - Successfully cleaned up C:\Windows\Temp\Wondershare from DESKTOP-RHTQQJV
[06/16/2024 12:33:38] - [Information] -[Main] - Successfully cleaned up C:\Windows\Temp\DESKTOP-RHTQQJV-20240612-1132.log from DESKTOP-RHTQQJV
[06/16/2024 12:33:38] - [Information] -[Main] - Successfully cleaned up C:\Windows\Temp\mat-debug-4416.log from DESKTOP-RHTQQJV
[06/16/2024 12:33:38] - [Information] -[Main] - Successfully cleaned up C:\Windows\Temp\officeclicktorun.exe_c2ruidll(20240612113245F94).log from DESKTOP-RHTQQJV
[06/16/2024 12:33:38] - [Information] -[Main] - Successfully cleaned up C:\Windows\Temp\officeclicktorun.exe_streamserver(20240612113246F94).log from DESKTOP-RHTQQJV
[06/16/2024 12:33:39] - [Information] -[Main] - Found 8 temp files to be cleaned up from the DESKTOP-RHTQQJV
[06/16/2024 12:33:39] - [Information] -[Main] - Successfully cleaned up C:\Windows\Temp\DPTF from DESKTOP-RHTQQJV
[06/16/2024 12:33:39] - [Information] -[Main] - Successfully cleaned up C:\Windows\Temp\IIF8AEC.tmp from DESKTOP-RHTQQJV
[06/16/2024 12:33:39] - [Information] -[Main] - Successfully cleaned up C:\Windows\Temp\vmware-SYSTEM from DESKTOP-RHTQQJV
[06/16/2024 12:33:39] - [Information] -[Main] - Successfully cleaned up C:\Windows\Temp\Wondershare from DESKTOP-RHTQQJV
[06/16/2024 12:33:39] - [Information] -[Main] - Successfully cleaned up C:\Windows\Temp\DESKTOP-RHTQQJV-20240612-1132.log from DESKTOP-RHTQQJV
[06/16/2024 12:33:39] - [Information] -[Main] - Successfully cleaned up C:\Windows\Temp\mat-debug-4416.log from DESKTOP-RHTQQJV
[06/16/2024 12:33:39] - [Information] -[Main] - Successfully cleaned up C:\Windows\Temp\officeclicktorun.exe_c2ruidll(20240612113245F94).log from DESKTOP-RHTQQJV
[06/16/2024 12:33:39] - [Information] -[Main] - Successfully cleaned up C:\Windows\Temp\officeclicktorun.exe_streamserver(20240612113246F94).log from DESKTOP-RHTQQJV
[06/16/2024 12:33:39] - [Information] -[Main] - Found 8 temp files to be cleaned up from the DESKTOP-RHTQQJV
[06/16/2024 12:33:39] - [Information] -[Main] - Successfully cleaned up C:\Windows\Temp\DPTF from DESKTOP-RHTQQJV
[06/16/2024 12:33:39] - [Information] -[Main] - Successfully cleaned up C:\Windows\Temp\IIF8AEC.tmp from DESKTOP-RHTQQJV
[06/16/2024 12:33:39] - [Information] -[Main] - Successfully cleaned up C:\Windows\Temp\vmware-SYSTEM from DESKTOP-RHTQQJV
[06/16/2024 12:33:39] - [Information] -[Main] - Successfully cleaned up C:\Windows\Temp\Wondershare from DESKTOP-RHTQQJV
[06/16/2024 12:33:39] - [Information] -[Main] - Successfully cleaned up C:\Windows\Temp\DESKTOP-RHTQQJV-20240612-1132.log from DESKTOP-RHTQQJV
[06/16/2024 12:33:39] - [Information] -[Main] - Successfully cleaned up C:\Windows\Temp\mat-debug-4416.log from DESKTOP-RHTQQJV
[06/16/2024 12:33:39] - [Information] -[Main] - Successfully cleaned up C:\Windows\Temp\officeclicktorun.exe_c2ruidll(20240612113245F94).log from DESKTOP-RHTQQJV
[06/16/2024 12:33:39] - [Information] -[Main] - Successfully cleaned up C:\Windows\Temp\officeclicktorun.exe_streamserver(20240612113246F94).log from DESKTOP-RHTQQJV
[06/16/2024 12:33:39] - [Information] -[Main] - Found 8 temp files to be cleaned up from the DESKTOP-RHTQQJV
[06/16/2024 12:33:39] - [Information] -[Main] - Successfully cleaned up C:\Windows\Temp\DPTF from DESKTOP-RHTQQJV
[06/16/2024 12:33:40] - [Information] -[Main] - Successfully cleaned up C:\Windows\Temp\IIF8AEC.tmp from DESKTOP-RHTQQJV
[06/16/2024 12:33:40] - [Information] -[Main] - Successfully cleaned up C:\Windows\Temp\vmware-SYSTEM from DESKTOP-RHTQQJV
[06/16/2024 12:33:40] - [Information] -[Main] - Successfully cleaned up C:\Windows\Temp\Wondershare from DESKTOP-RHTQQJV
[06/16/2024 12:33:40] - [Information] -[Main] - Successfully cleaned up C:\Windows\Temp\DESKTOP-RHTQQJV-20240612-1132.log from DESKTOP-RHTQQJV
[06/16/2024 12:33:40] - [Information] -[Main] - Successfully cleaned up C:\Windows\Temp\mat-debug-4416.log from DESKTOP-RHTQQJV
[06/16/2024 12:33:40] - [Information] -[Main] - Successfully cleaned up C:\Windows\Temp\officeclicktorun.exe_c2ruidll(20240612113245F94).log from DESKTOP-RHTQQJV
[06/16/2024 12:33:40] - [Information] -[Main] - Successfully cleaned up C:\Windows\Temp\officeclicktorun.exe_streamserver(20240612113246F94).log from DESKTOP-RHTQQJV
[06/16/2024 12:34:08] - [Information] -[Main] - Found 0 temp files to be cleaned up from the DESKTOP-RHTQQJV
[06/16/2024 12:34:08] - [Error] -[Main] - Could not find any temp files for cleanup operation on DESKTOP-RHTQQJV, hence terminating script
[06/16/2024 12:34:44] - [Information] -[Main] - Found 0 temp files to be cleaned up from the DESKTOP-RHTQQJV
[06/16/2024 12:34:44] - [Warning] -[Main] - Could not find any temp files for cleanup operation on DESKTOP-RHTQQJV, hence terminating script
